<?xml version="1.0" encoding="UTF-8"?>
<!-- Generated by org.testng.reporters.JUnitReportReporter -->
<testsuite skipped="6" hostname="QKSRVSH04" name="QualityKioskTraining.BankingAssessment.BankAccountTestCase" tests="7" failures="0" timestamp="2021-04-23T15:29:08 IST" time="-1619171968.000" errors="1">
  <testcase name="createResultFolder" time="-1619171968.000" classname="QualityKioskTraining.BankingAssessment.BankAccountTestCase">
    <error type="org.testng.TestNGException" message="
Parameter &#039;RequestID&#039; is required by BeforeSuite on method createResultFolder but has not been marked @Optional or defined
in C:\Users\q6730\AppData\Local\Temp\223\testng-eclipse--1098934347\testng-customsuite.xml">
      <![CDATA[org.testng.TestNGException: 
Parameter 'RequestID' is required by BeforeSuite on method createResultFolder but has not been marked @Optional or defined
in C:\Users\q6730\AppData\Local\Temp\223\testng-eclipse--1098934347\testng-customsuite.xml
at org.testng.internal.Parameters.createParams(Parameters.java:268)
at org.testng.internal.Parameters.createParametersForMethod(Parameters.java:356)
at org.testng.internal.Parameters.createParameters(Parameters.java:700)
at org.testng.internal.Parameters.createConfigurationParameters(Parameters.java:166)
at org.testng.internal.ConfigInvoker.invokeConfigurations(ConfigInvoker.java:301)
at org.testng.SuiteRunner.privateRun(SuiteRunner.java:327)
at org.testng.SuiteRunner.run(SuiteRunner.java:286)
at org.testng.SuiteRunnerWorker.runSuite(SuiteRunnerWorker.java:53)
at org.testng.SuiteRunnerWorker.run(SuiteRunnerWorker.java:96)
at org.testng.TestNG.runSuitesSequentially(TestNG.java:1218)
at org.testng.TestNG.runSuitesLocally(TestNG.java:1140)
at org.testng.TestNG.runSuites(TestNG.java:1069)
at org.testng.TestNG.run(TestNG.java:1037)
at org.testng.remote.AbstractRemoteTestNG.run(AbstractRemoteTestNG.java:115)
at org.testng.remote.RemoteTestNG.initAndRun(RemoteTestNG.java:251)
at org.testng.remote.RemoteTestNG.main(RemoteTestNG.java:77)
]]>
    </error>
  </testcase> <!-- createResultFolder -->
  <system-out/>
  <testcase name="openingofAcc" time="0.000" classname="QualityKioskTraining.BankingAssessment.BankAccountTestCase">
    <skipped/>
  </testcase> <!-- openingofAcc -->
  <system-out/>
  <testcase name="InitialBalance" time="0.000" classname="QualityKioskTraining.BankingAssessment.BankAccountTestCase">
    <skipped/>
  </testcase> <!-- InitialBalance -->
  <system-out/>
  <testcase name="DepositMoney" time="0.000" classname="QualityKioskTraining.BankingAssessment.BankAccountTestCase">
    <skipped/>
  </testcase> <!-- DepositMoney -->
  <system-out/>
  <testcase name="withDraw" time="0.000" classname="QualityKioskTraining.BankingAssessment.BankAccountTestCase">
    <skipped/>
  </testcase> <!-- withDraw -->
  <system-out/>
  <testcase name="SavingAcc" time="0.000" classname="QualityKioskTraining.BankingAssessment.BankAccountTestCase">
    <skipped/>
  </testcase> <!-- SavingAcc -->
  <system-out/>
  <testcase name="salaryAccount" time="0.000" classname="QualityKioskTraining.BankingAssessment.BankAccountTestCase">
    <skipped/>
  </testcase> <!-- salaryAccount -->
  <system-out/>
</testsuite> <!-- QualityKioskTraining.BankingAssessment.BankAccountTestCase -->
